<?xml version="1.0" encoding="UTF-8"?>
<robot generator="Robot 4.0.1 (Python 3.9.4 on win32)" generated="20210428 13:20:36.369" rpa="false" schemaversion="2">
<suite id="s1" name="Owner" source="C:\Users\User\PycharmProjects\spring-petclinic-angular\RobotFrameWork\Tests\owner.robot">
<test id="s1-t1" name="user can add new owners and add pets">
<kw name="Open Browser">
<arg>about:blank</arg>
<arg>chrome</arg>
<msg timestamp="20210428 13:20:36.426" level="FAIL">No keyword with name 'Open Browser' found.</msg>
<status status="FAIL" starttime="20210428 13:20:36.426" endtime="20210428 13:20:36.426"/>
</kw>
<kw name="Go to">
<arg>http://localhost:4200/petclinic/welcome</arg>
<status status="NOT RUN" starttime="20210428 13:20:36.429" endtime="20210428 13:20:36.429"/>
</kw>
<kw name="close browser">
<status status="NOT RUN" starttime="20210428 13:20:36.431" endtime="20210428 13:20:36.431"/>
</kw>
<doc>testar så att owner funktionen på pet clinic fungerar som det ska</doc>
<tag>test 1</tag>
<status status="FAIL" starttime="20210428 13:20:36.422" endtime="20210428 13:20:36.431">No keyword with name 'Open Browser' found.</status>
</test>
<doc>testing spring pet clinic angular</doc>
<status status="FAIL" starttime="20210428 13:20:36.382" endtime="20210428 13:20:36.432"/>
</suite>
<statistics>
<total>
<stat pass="0" fail="1" skip="0">All Tests</stat>
</total>
<tag>
<stat pass="0" fail="1" skip="0">test 1</stat>
</tag>
<suite>
<stat pass="0" fail="1" skip="0" id="s1" name="Owner">Owner</stat>
</suite>
</statistics>
<errors>
<msg timestamp="20210428 13:20:36.420" level="ERROR">Error in file 'C:\Users\User\PycharmProjects\spring-petclinic-angular\RobotFrameWork\Tests\owner.robot' on line 4: Importing library 'SeleniumLibrary' failed: ModuleNotFoundError: No module named 'SeleniumLibrary'
Traceback (most recent call last):
  None
PYTHONPATH:
  C:\Users\User\AppData\Local\Programs\Python\Python39\Scripts\robot.exe
  c:\users\user\appdata\local\programs\python\python39\python39.zip
  c:\users\user\appdata\local\programs\python\python39\DLLs
  c:\users\user\appdata\local\programs\python\python39\lib
  c:\users\user\appdata\local\programs\python\python39
  c:\users\user\appdata\local\programs\python\python39\lib\site-packages</msg>
</errors>
</robot>
