<?xml version="1.0" encoding="UTF-8"?>
<robot generator="Robot 4.0.1 (Python 3.9.4 on win32)" generated="20210428 13:17:51.518" rpa="false" schemaversion="2">
<suite id="s1" name="Tests" source="C:\Users\User\PycharmProjects\spring-petclinic-angular\RobotFrameWork\Tests">
<suite id="s1-s1" name="Veterinarians" source="C:\Users\User\PycharmProjects\spring-petclinic-angular\RobotFrameWork\Tests\Veterinarians.robot">
<test id="s1-s1-t1" name="User Can Access The Web">
<kw name="Generate Tests" library="Keywords_Vet" type="SETUP">
<kw name="Open Browser">
<arg>about:blank</arg>
<arg>${BROWSER}</arg>
<msg timestamp="20210428 13:17:51.673" level="FAIL">No keyword with name 'Open Browser' found.</msg>
<status status="FAIL" starttime="20210428 13:17:51.673" endtime="20210428 13:17:51.673"/>
</kw>
<status status="FAIL" starttime="20210428 13:17:51.669" endtime="20210428 13:17:51.674"/>
</kw>
<kw name="End the test" library="Keywords_Vet" type="TEARDOWN">
<kw name="Click Link">
<arg>//*[@title="home page"]</arg>
<msg timestamp="20210428 13:17:51.676" level="FAIL">No keyword with name 'Click Link' found.</msg>
<status status="FAIL" starttime="20210428 13:17:51.676" endtime="20210428 13:17:51.677"/>
</kw>
<kw name="Wait Until Page Contains">
<arg>Welcome to Petclinic</arg>
<msg timestamp="20210428 13:17:51.679" level="FAIL">No keyword with name 'Wait Until Page Contains' found.</msg>
<status status="FAIL" starttime="20210428 13:17:51.679" endtime="20210428 13:17:51.679"/>
</kw>
<kw name="Close Browser">
<msg timestamp="20210428 13:17:51.681" level="FAIL">No keyword with name 'Close Browser' found.</msg>
<status status="FAIL" starttime="20210428 13:17:51.680" endtime="20210428 13:17:51.681"/>
</kw>
<status status="FAIL" starttime="20210428 13:17:51.675" endtime="20210428 13:17:51.681">Several failures occurred:

1) No keyword with name 'Click Link' found.

2) No keyword with name 'Wait Until Page Contains' found.

3) No keyword with name 'Close Browser' found.</status>
</kw>
<doc>Web users can access the web</doc>
<tag>access</tag>
<status status="FAIL" starttime="20210428 13:17:51.667" endtime="20210428 13:17:51.682">Setup failed:
No keyword with name 'Open Browser' found.

Also teardown failed:
Several failures occurred:

1) No keyword with name 'Click Link' found.

2) No keyword with name 'Wait Until Page Contains' found.

3) No keyword with name 'Close Browser' found.</status>
</test>
<test id="s1-s1-t2" name="Verify Veterinarians Access and Query For All">
<kw name="Generate Tests" library="Keywords_Vet" type="SETUP">
<kw name="Open Browser">
<arg>about:blank</arg>
<arg>${BROWSER}</arg>
<msg timestamp="20210428 13:17:51.706" level="FAIL">No keyword with name 'Open Browser' found.</msg>
<status status="FAIL" starttime="20210428 13:17:51.706" endtime="20210428 13:17:51.706"/>
</kw>
<status status="FAIL" starttime="20210428 13:17:51.704" endtime="20210428 13:17:51.707"/>
</kw>
<kw name="End the test" library="Keywords_Vet" type="TEARDOWN">
<kw name="Click Link">
<arg>//*[@title="home page"]</arg>
<msg timestamp="20210428 13:17:51.755" level="FAIL">No keyword with name 'Click Link' found.</msg>
<status status="FAIL" starttime="20210428 13:17:51.755" endtime="20210428 13:17:51.755"/>
</kw>
<kw name="Wait Until Page Contains">
<arg>Welcome to Petclinic</arg>
<msg timestamp="20210428 13:17:51.759" level="FAIL">No keyword with name 'Wait Until Page Contains' found.</msg>
<status status="FAIL" starttime="20210428 13:17:51.758" endtime="20210428 13:17:51.759"/>
</kw>
<kw name="Close Browser">
<msg timestamp="20210428 13:17:51.761" level="FAIL">No keyword with name 'Close Browser' found.</msg>
<status status="FAIL" starttime="20210428 13:17:51.761" endtime="20210428 13:17:51.761"/>
</kw>
<status status="FAIL" starttime="20210428 13:17:51.753" endtime="20210428 13:17:51.761">Several failures occurred:

1) No keyword with name 'Click Link' found.

2) No keyword with name 'Wait Until Page Contains' found.

3) No keyword with name 'Close Browser' found.</status>
</kw>
<doc>users can access the Veterinarians to query and add pets</doc>
<tag>veterinarians</tag>
<status status="FAIL" starttime="20210428 13:17:51.703" endtime="20210428 13:17:51.762">Setup failed:
No keyword with name 'Open Browser' found.

Also teardown failed:
Several failures occurred:

1) No keyword with name 'Click Link' found.

2) No keyword with name 'Wait Until Page Contains' found.

3) No keyword with name 'Close Browser' found.</status>
</test>
<test id="s1-s1-t3" name="Add Vets From All Qurey">
<kw name="Generate Tests" library="Keywords_Vet" type="SETUP">
<kw name="Open Browser">
<arg>about:blank</arg>
<arg>${BROWSER}</arg>
<msg timestamp="20210428 13:17:51.785" level="FAIL">No keyword with name 'Open Browser' found.</msg>
<status status="FAIL" starttime="20210428 13:17:51.785" endtime="20210428 13:17:51.785"/>
</kw>
<status status="FAIL" starttime="20210428 13:17:51.781" endtime="20210428 13:17:51.785"/>
</kw>
<kw name="End the test" library="Keywords_Vet" type="TEARDOWN">
<kw name="Click Link">
<arg>//*[@title="home page"]</arg>
<msg timestamp="20210428 13:17:51.788" level="FAIL">No keyword with name 'Click Link' found.</msg>
<status status="FAIL" starttime="20210428 13:17:51.787" endtime="20210428 13:17:51.788"/>
</kw>
<kw name="Wait Until Page Contains">
<arg>Welcome to Petclinic</arg>
<msg timestamp="20210428 13:17:51.795" level="FAIL">No keyword with name 'Wait Until Page Contains' found.</msg>
<status status="FAIL" starttime="20210428 13:17:51.794" endtime="20210428 13:17:51.795"/>
</kw>
<kw name="Close Browser">
<msg timestamp="20210428 13:17:51.797" level="FAIL">No keyword with name 'Close Browser' found.</msg>
<status status="FAIL" starttime="20210428 13:17:51.797" endtime="20210428 13:17:51.798"/>
</kw>
<status status="FAIL" starttime="20210428 13:17:51.786" endtime="20210428 13:17:51.799">Several failures occurred:

1) No keyword with name 'Click Link' found.

2) No keyword with name 'Wait Until Page Contains' found.

3) No keyword with name 'Close Browser' found.</status>
</kw>
<doc>users can add pets</doc>
<tag>adding</tag>
<status status="FAIL" starttime="20210428 13:17:51.781" endtime="20210428 13:17:51.800">Setup failed:
No keyword with name 'Open Browser' found.

Also teardown failed:
Several failures occurred:

1) No keyword with name 'Click Link' found.

2) No keyword with name 'Wait Until Page Contains' found.

3) No keyword with name 'Close Browser' found.</status>
</test>
<test id="s1-s1-t4" name="Add Pet In Veterinarians Navigation">
<kw name="Generate Tests" library="Keywords_Vet" type="SETUP">
<kw name="Open Browser">
<arg>about:blank</arg>
<arg>${BROWSER}</arg>
<msg timestamp="20210428 13:17:51.804" level="FAIL">No keyword with name 'Open Browser' found.</msg>
<status status="FAIL" starttime="20210428 13:17:51.804" endtime="20210428 13:17:51.804"/>
</kw>
<status status="FAIL" starttime="20210428 13:17:51.802" endtime="20210428 13:17:51.805"/>
</kw>
<kw name="End the test" library="Keywords_Vet" type="TEARDOWN">
<kw name="Click Link">
<arg>//*[@title="home page"]</arg>
<msg timestamp="20210428 13:17:51.807" level="FAIL">No keyword with name 'Click Link' found.</msg>
<status status="FAIL" starttime="20210428 13:17:51.807" endtime="20210428 13:17:51.807"/>
</kw>
<kw name="Wait Until Page Contains">
<arg>Welcome to Petclinic</arg>
<msg timestamp="20210428 13:17:51.809" level="FAIL">No keyword with name 'Wait Until Page Contains' found.</msg>
<status status="FAIL" starttime="20210428 13:17:51.809" endtime="20210428 13:17:51.809"/>
</kw>
<kw name="Close Browser">
<msg timestamp="20210428 13:17:51.811" level="FAIL">No keyword with name 'Close Browser' found.</msg>
<status status="FAIL" starttime="20210428 13:17:51.811" endtime="20210428 13:17:51.811"/>
</kw>
<status status="FAIL" starttime="20210428 13:17:51.805" endtime="20210428 13:17:51.811">Several failures occurred:

1) No keyword with name 'Click Link' found.

2) No keyword with name 'Wait Until Page Contains' found.

3) No keyword with name 'Close Browser' found.</status>
</kw>
<doc>users can add pet in Veterinarians</doc>
<tag>quick adding</tag>
<status status="FAIL" starttime="20210428 13:17:51.802" endtime="20210428 13:17:51.812">Setup failed:
No keyword with name 'Open Browser' found.

Also teardown failed:
Several failures occurred:

1) No keyword with name 'Click Link' found.

2) No keyword with name 'Wait Until Page Contains' found.

3) No keyword with name 'Close Browser' found.</status>
</test>
<test id="s1-s1-t5" name="Cancel Adding New Vet">
<kw name="Generate Tests" library="Keywords_Vet" type="SETUP">
<kw name="Open Browser">
<arg>about:blank</arg>
<arg>${BROWSER}</arg>
<msg timestamp="20210428 13:17:51.816" level="FAIL">No keyword with name 'Open Browser' found.</msg>
<status status="FAIL" starttime="20210428 13:17:51.816" endtime="20210428 13:17:51.816"/>
</kw>
<status status="FAIL" starttime="20210428 13:17:51.814" endtime="20210428 13:17:51.817"/>
</kw>
<kw name="End the test" library="Keywords_Vet" type="TEARDOWN">
<kw name="Click Link">
<arg>//*[@title="home page"]</arg>
<msg timestamp="20210428 13:17:51.821" level="FAIL">No keyword with name 'Click Link' found.</msg>
<status status="FAIL" starttime="20210428 13:17:51.821" endtime="20210428 13:17:51.821"/>
</kw>
<kw name="Wait Until Page Contains">
<arg>Welcome to Petclinic</arg>
<msg timestamp="20210428 13:17:51.824" level="FAIL">No keyword with name 'Wait Until Page Contains' found.</msg>
<status status="FAIL" starttime="20210428 13:17:51.824" endtime="20210428 13:17:51.824"/>
</kw>
<kw name="Close Browser">
<msg timestamp="20210428 13:17:51.830" level="FAIL">No keyword with name 'Close Browser' found.</msg>
<status status="FAIL" starttime="20210428 13:17:51.829" endtime="20210428 13:17:51.830"/>
</kw>
<status status="FAIL" starttime="20210428 13:17:51.819" endtime="20210428 13:17:51.830">Several failures occurred:

1) No keyword with name 'Click Link' found.

2) No keyword with name 'Wait Until Page Contains' found.

3) No keyword with name 'Close Browser' found.</status>
</kw>
<doc>users can cancel adding pets before comfirmation</doc>
<tag>cancel adding</tag>
<status status="FAIL" starttime="20210428 13:17:51.813" endtime="20210428 13:17:51.831">Setup failed:
No keyword with name 'Open Browser' found.

Also teardown failed:
Several failures occurred:

1) No keyword with name 'Click Link' found.

2) No keyword with name 'Wait Until Page Contains' found.

3) No keyword with name 'Close Browser' found.</status>
</test>
<test id="s1-s1-t6" name="Edit Pet's Information">
<kw name="Generate Tests" library="Keywords_Vet" type="SETUP">
<kw name="Open Browser">
<arg>about:blank</arg>
<arg>${BROWSER}</arg>
<msg timestamp="20210428 13:17:51.837" level="FAIL">No keyword with name 'Open Browser' found.</msg>
<status status="FAIL" starttime="20210428 13:17:51.837" endtime="20210428 13:17:51.837"/>
</kw>
<status status="FAIL" starttime="20210428 13:17:51.835" endtime="20210428 13:17:51.837"/>
</kw>
<kw name="End the test" library="Keywords_Vet" type="TEARDOWN">
<kw name="Click Link">
<arg>//*[@title="home page"]</arg>
<msg timestamp="20210428 13:17:51.840" level="FAIL">No keyword with name 'Click Link' found.</msg>
<status status="FAIL" starttime="20210428 13:17:51.840" endtime="20210428 13:17:51.840"/>
</kw>
<kw name="Wait Until Page Contains">
<arg>Welcome to Petclinic</arg>
<msg timestamp="20210428 13:17:51.841" level="FAIL">No keyword with name 'Wait Until Page Contains' found.</msg>
<status status="FAIL" starttime="20210428 13:17:51.841" endtime="20210428 13:17:51.841"/>
</kw>
<kw name="Close Browser">
<msg timestamp="20210428 13:17:51.842" level="FAIL">No keyword with name 'Close Browser' found.</msg>
<status status="FAIL" starttime="20210428 13:17:51.842" endtime="20210428 13:17:51.842"/>
</kw>
<status status="FAIL" starttime="20210428 13:17:51.838" endtime="20210428 13:17:51.843">Several failures occurred:

1) No keyword with name 'Click Link' found.

2) No keyword with name 'Wait Until Page Contains' found.

3) No keyword with name 'Close Browser' found.</status>
</kw>
<doc>users can edit pet's information</doc>
<tag>edit</tag>
<status status="FAIL" starttime="20210428 13:17:51.834" endtime="20210428 13:17:51.843">Setup failed:
No keyword with name 'Open Browser' found.

Also teardown failed:
Several failures occurred:

1) No keyword with name 'Click Link' found.

2) No keyword with name 'Wait Until Page Contains' found.

3) No keyword with name 'Close Browser' found.</status>
</test>
<test id="s1-s1-t7" name="Pet's Information Cancel">
<kw name="Generate Tests" library="Keywords_Vet" type="SETUP">
<kw name="Open Browser">
<arg>about:blank</arg>
<arg>${BROWSER}</arg>
<msg timestamp="20210428 13:17:51.846" level="FAIL">No keyword with name 'Open Browser' found.</msg>
<status status="FAIL" starttime="20210428 13:17:51.846" endtime="20210428 13:17:51.846"/>
</kw>
<status status="FAIL" starttime="20210428 13:17:51.844" endtime="20210428 13:17:51.846"/>
</kw>
<kw name="End the test" library="Keywords_Vet" type="TEARDOWN">
<kw name="Click Link">
<arg>//*[@title="home page"]</arg>
<msg timestamp="20210428 13:17:51.849" level="FAIL">No keyword with name 'Click Link' found.</msg>
<status status="FAIL" starttime="20210428 13:17:51.849" endtime="20210428 13:17:51.849"/>
</kw>
<kw name="Wait Until Page Contains">
<arg>Welcome to Petclinic</arg>
<msg timestamp="20210428 13:17:51.851" level="FAIL">No keyword with name 'Wait Until Page Contains' found.</msg>
<status status="FAIL" starttime="20210428 13:17:51.851" endtime="20210428 13:17:51.851"/>
</kw>
<kw name="Close Browser">
<msg timestamp="20210428 13:17:51.853" level="FAIL">No keyword with name 'Close Browser' found.</msg>
<status status="FAIL" starttime="20210428 13:17:51.853" endtime="20210428 13:17:51.853"/>
</kw>
<status status="FAIL" starttime="20210428 13:17:51.847" endtime="20210428 13:17:51.853">Several failures occurred:

1) No keyword with name 'Click Link' found.

2) No keyword with name 'Wait Until Page Contains' found.

3) No keyword with name 'Close Browser' found.</status>
</kw>
<doc>users can cancel editing pets</doc>
<tag>cancel editing</tag>
<status status="FAIL" starttime="20210428 13:17:51.844" endtime="20210428 13:17:51.854">Setup failed:
No keyword with name 'Open Browser' found.

Also teardown failed:
Several failures occurred:

1) No keyword with name 'Click Link' found.

2) No keyword with name 'Wait Until Page Contains' found.

3) No keyword with name 'Close Browser' found.</status>
</test>
<test id="s1-s1-t8" name="Delete Specific Pet By Name">
<kw name="Generate Tests" library="Keywords_Vet" type="SETUP">
<kw name="Open Browser">
<arg>about:blank</arg>
<arg>${BROWSER}</arg>
<msg timestamp="20210428 13:17:51.873" level="FAIL">No keyword with name 'Open Browser' found.</msg>
<status status="FAIL" starttime="20210428 13:17:51.873" endtime="20210428 13:17:51.873"/>
</kw>
<status status="FAIL" starttime="20210428 13:17:51.871" endtime="20210428 13:17:51.874"/>
</kw>
<kw name="End the test" library="Keywords_Vet" type="TEARDOWN">
<kw name="Click Link">
<arg>//*[@title="home page"]</arg>
<msg timestamp="20210428 13:17:51.881" level="FAIL">No keyword with name 'Click Link' found.</msg>
<status status="FAIL" starttime="20210428 13:17:51.881" endtime="20210428 13:17:51.881"/>
</kw>
<kw name="Wait Until Page Contains">
<arg>Welcome to Petclinic</arg>
<msg timestamp="20210428 13:17:51.884" level="FAIL">No keyword with name 'Wait Until Page Contains' found.</msg>
<status status="FAIL" starttime="20210428 13:17:51.884" endtime="20210428 13:17:51.884"/>
</kw>
<kw name="Close Browser">
<msg timestamp="20210428 13:17:51.885" level="FAIL">No keyword with name 'Close Browser' found.</msg>
<status status="FAIL" starttime="20210428 13:17:51.885" endtime="20210428 13:17:51.886"/>
</kw>
<status status="FAIL" starttime="20210428 13:17:51.875" endtime="20210428 13:17:51.886">Several failures occurred:

1) No keyword with name 'Click Link' found.

2) No keyword with name 'Wait Until Page Contains' found.

3) No keyword with name 'Close Browser' found.</status>
</kw>
<doc>users can delete pets by pet's name</doc>
<tag>delete</tag>
<status status="FAIL" starttime="20210428 13:17:51.863" endtime="20210428 13:17:51.886">Setup failed:
No keyword with name 'Open Browser' found.

Also teardown failed:
Several failures occurred:

1) No keyword with name 'Click Link' found.

2) No keyword with name 'Wait Until Page Contains' found.

3) No keyword with name 'Close Browser' found.</status>
</test>
<doc>UI testing in PetClinic by Robot Framework
this is to test funcitionalities of Veterinarians -- Feng</doc>
<status status="FAIL" starttime="20210428 13:17:51.641" endtime="20210428 13:17:51.889"/>
</suite>
<status status="FAIL" starttime="20210428 13:17:51.569" endtime="20210428 13:17:51.910"/>
</suite>
<statistics>
<total>
<stat pass="0" fail="8" skip="0">All Tests</stat>
</total>
<tag>
<stat pass="0" fail="1" skip="0">access</stat>
<stat pass="0" fail="1" skip="0">adding</stat>
<stat pass="0" fail="1" skip="0">cancel adding</stat>
<stat pass="0" fail="1" skip="0">cancel editing</stat>
<stat pass="0" fail="1" skip="0">delete</stat>
<stat pass="0" fail="1" skip="0">edit</stat>
<stat pass="0" fail="1" skip="0">quick adding</stat>
<stat pass="0" fail="1" skip="0">veterinarians</stat>
</tag>
<suite>
<stat pass="0" fail="8" skip="0" id="s1" name="Tests">Tests</stat>
<stat pass="0" fail="8" skip="0" id="s1-s1" name="Veterinarians">Tests.Veterinarians</stat>
</suite>
</statistics>
<errors>
<msg timestamp="20210428 13:17:51.651" level="ERROR">Error in file 'C:\Users\User\PycharmProjects\spring-petclinic-angular\RobotFrameWork\Resource\Keywords_Vet.robot' on line 2: Importing library 'SeleniumLibrary' failed: ModuleNotFoundError: No module named 'SeleniumLibrary'
Traceback (most recent call last):
  None
PYTHONPATH:
  C:\Users\User\AppData\Local\Programs\Python\Python39\Scripts\robot.exe
  c:\users\user\appdata\local\programs\python\python39\python39.zip
  c:\users\user\appdata\local\programs\python\python39\DLLs
  c:\users\user\appdata\local\programs\python\python39\lib
  c:\users\user\appdata\local\programs\python\python39
  c:\users\user\appdata\local\programs\python\python39\lib\site-packages</msg>
<msg timestamp="20210428 13:17:51.654" level="ERROR">Error in file 'C:\Users\User\PycharmProjects\spring-petclinic-angular\RobotFrameWork\Tests\Veterinarians.robot' on line 5: Importing library 'SeleniumLibrary' failed: ModuleNotFoundError: No module named 'SeleniumLibrary'
Traceback (most recent call last):
  None
PYTHONPATH:
  C:\Users\User\AppData\Local\Programs\Python\Python39\Scripts\robot.exe
  c:\users\user\appdata\local\programs\python\python39\python39.zip
  c:\users\user\appdata\local\programs\python\python39\DLLs
  c:\users\user\appdata\local\programs\python\python39\lib
  c:\users\user\appdata\local\programs\python\python39
  c:\users\user\appdata\local\programs\python\python39\lib\site-packages</msg>
</errors>
</robot>
