<?xml version="1.0" encoding="UTF-8"?>
<robot generator="Robot 3.2.2 (Python 3.9.2 on win32)" generated="20210504 12:31:12.319" rpa="false">
<suite id="s1" name="Owner" source="C:\Users\elias\PycharmProjects\spring-petclinic-angular\RobotFrameWork\Tests\owner.robot">
<test id="s1-t1" name="Delete Pet Visit">
<kw name="Generate Tests" library="Keywords_Own" type="setup">
<kw name="Open Browser" library="SeleniumLibrary">
<doc>Opens a new browser instance to the optional ``url``.</doc>
<arguments>
<arg>about:blank</arg>
<arg>${BROWSER}</arg>
</arguments>
<msg timestamp="20210504 12:31:12.865" level="INFO">Opening browser 'chrome' to base url 'about:blank'.</msg>
<status status="PASS" starttime="20210504 12:31:12.864" endtime="20210504 12:31:14.600"></status>
</kw>
<status status="PASS" starttime="20210504 12:31:12.864" endtime="20210504 12:31:14.600"></status>
</kw>
<kw name="Go To Web" library="Keywords_Own">
<kw name="Load Web" library="Keywords_Own">
<kw name="Go To" library="SeleniumLibrary">
<doc>Navigates the current browser window to the provided ``url``.</doc>
<arguments>
<arg>${URL}</arg>
</arguments>
<msg timestamp="20210504 12:31:14.615" level="INFO">Opening url 'http://localhost:4200'</msg>
<status status="PASS" starttime="20210504 12:31:14.615" endtime="20210504 12:31:15.552"></status>
</kw>
<status status="PASS" starttime="20210504 12:31:14.614" endtime="20210504 12:31:15.553"></status>
</kw>
<kw name="Verify Page Loaded" library="Keywords_Own">
<kw name="Get Title" library="SeleniumLibrary">
<doc>Returns the title of the current page.</doc>
<assign>
<var>${GET_TITLE}</var>
</assign>
<msg timestamp="20210504 12:31:15.568" level="INFO">${GET_TITLE} = SpringPetclinicAngular</msg>
<status status="PASS" starttime="20210504 12:31:15.554" endtime="20210504 12:31:15.568"></status>
</kw>
<kw name="Should Be Equal" library="BuiltIn">
<doc>Fails if the given objects are unequal.</doc>
<arguments>
<arg>${GET_TITLE}</arg>
<arg>SpringPetclinicAngular</arg>
</arguments>
<status status="PASS" starttime="20210504 12:31:15.568" endtime="20210504 12:31:15.569"></status>
</kw>
<kw name="Page Should Contain" library="SeleniumLibrary">
<doc>Verifies that current page contains ``text``.</doc>
<arguments>
<arg>Welcome to Petclinic</arg>
</arguments>
<msg timestamp="20210504 12:31:15.598" level="INFO">Current page contains text 'Welcome to Petclinic'.</msg>
<status status="PASS" starttime="20210504 12:31:15.569" endtime="20210504 12:31:15.598"></status>
</kw>
<status status="PASS" starttime="20210504 12:31:15.553" endtime="20210504 12:31:15.598"></status>
</kw>
<status status="PASS" starttime="20210504 12:31:14.613" endtime="20210504 12:31:15.598"></status>
</kw>
<kw name="Click Owner" library="Keywords_Own">
<kw name="Page Should Contain Element" library="SeleniumLibrary">
<doc>Verifies that element ``locator`` is found on the current page.</doc>
<arguments>
<arg>xpath:/html/body/app-root/div[1]/nav/div/ul/li[2]</arg>
</arguments>
<msg timestamp="20210504 12:31:15.617" level="INFO">Current page contains element 'xpath:/html/body/app-root/div[1]/nav/div/ul/li[2]'.</msg>
<status status="PASS" starttime="20210504 12:31:15.600" endtime="20210504 12:31:15.617"></status>
</kw>
<kw name="Click Element" library="SeleniumLibrary">
<doc>Click the element identified by ``locator``.</doc>
<arguments>
<arg>xpath:/html/body/app-root/div[1]/nav/div/ul/li[2]</arg>
</arguments>
<msg timestamp="20210504 12:31:15.618" level="INFO">Clicking element 'xpath:/html/body/app-root/div[1]/nav/div/ul/li[2]'.</msg>
<status status="PASS" starttime="20210504 12:31:15.618" endtime="20210504 12:31:15.703"></status>
</kw>
<status status="PASS" starttime="20210504 12:31:15.599" endtime="20210504 12:31:15.704"></status>
</kw>
<kw name="All Query" library="Keywords_Own">
<kw name="Page Should Contain Element" library="SeleniumLibrary">
<doc>Verifies that element ``locator`` is found on the current page.</doc>
<arguments>
<arg>//*[@routerlink="/owners"]</arg>
</arguments>
<msg timestamp="20210504 12:31:15.721" level="INFO">Current page contains element '//*[@routerlink="/owners"]'.</msg>
<status status="PASS" starttime="20210504 12:31:15.705" endtime="20210504 12:31:15.721"></status>
</kw>
<kw name="Click Element" library="SeleniumLibrary">
<doc>Click the element identified by ``locator``.</doc>
<arguments>
<arg>//*[@routerlink="/owners"]</arg>
</arguments>
<msg timestamp="20210504 12:31:15.721" level="INFO">Clicking element '//*[@routerlink="/owners"]'.</msg>
<status status="PASS" starttime="20210504 12:31:15.721" endtime="20210504 12:31:15.819"></status>
</kw>
<kw name="Page Should Contain" library="SeleniumLibrary">
<doc>Verifies that current page contains ``text``.</doc>
<arguments>
<arg>Owners</arg>
</arguments>
<msg timestamp="20210504 12:31:15.849" level="INFO">Current page contains text 'Owners'.</msg>
<status status="PASS" starttime="20210504 12:31:15.820" endtime="20210504 12:31:15.849"></status>
</kw>
<kw name="Page Should Contain Element" library="SeleniumLibrary">
<doc>Verifies that element ``locator`` is found on the current page.</doc>
<arguments>
<arg>//*[@class="table table-striped"]</arg>
</arguments>
<msg timestamp="20210504 12:31:15.867" level="INFO">Current page contains element '//*[@class="table table-striped"]'.</msg>
<status status="PASS" starttime="20210504 12:31:15.850" endtime="20210504 12:31:15.867"></status>
</kw>
<kw name="Element Text Should Be" library="SeleniumLibrary">
<doc>Verifies that element ``locator`` contains exact the text ``expected``.</doc>
<arguments>
<arg>//*[@class="table table-striped"]/thead/tr/th[1]</arg>
<arg>Name</arg>
</arguments>
<msg timestamp="20210504 12:31:15.868" level="INFO">Verifying element '//*[@class="table table-striped"]/thead/tr/th[1]' contains exact text 'Name'.</msg>
<status status="PASS" starttime="20210504 12:31:15.867" endtime="20210504 12:31:15.938"></status>
</kw>
<kw name="Element Text Should Be" library="SeleniumLibrary">
<doc>Verifies that element ``locator`` contains exact the text ``expected``.</doc>
<arguments>
<arg>//*[@class="table table-striped"]/thead/tr/th[2]</arg>
<arg>Address</arg>
</arguments>
<msg timestamp="20210504 12:31:15.939" level="INFO">Verifying element '//*[@class="table table-striped"]/thead/tr/th[2]' contains exact text 'Address'.</msg>
<status status="PASS" starttime="20210504 12:31:15.938" endtime="20210504 12:31:15.973"></status>
</kw>
<kw name="Element Text Should Be" library="SeleniumLibrary">
<doc>Verifies that element ``locator`` contains exact the text ``expected``.</doc>
<arguments>
<arg>//*[@class="table table-striped"]/thead/tr/th[3]</arg>
<arg>City</arg>
</arguments>
<msg timestamp="20210504 12:31:15.974" level="INFO">Verifying element '//*[@class="table table-striped"]/thead/tr/th[3]' contains exact text 'City'.</msg>
<status status="PASS" starttime="20210504 12:31:15.973" endtime="20210504 12:31:16.005"></status>
</kw>
<kw name="Element Text Should Be" library="SeleniumLibrary">
<doc>Verifies that element ``locator`` contains exact the text ``expected``.</doc>
<arguments>
<arg>//*[@class="table table-striped"]/thead/tr/th[4]</arg>
<arg>Telephone</arg>
</arguments>
<msg timestamp="20210504 12:31:16.005" level="INFO">Verifying element '//*[@class="table table-striped"]/thead/tr/th[4]' contains exact text 'Telephone'.</msg>
<status status="PASS" starttime="20210504 12:31:16.005" endtime="20210504 12:31:16.036"></status>
</kw>
<kw name="Element Text Should Be" library="SeleniumLibrary">
<doc>Verifies that element ``locator`` contains exact the text ``expected``.</doc>
<arguments>
<arg>//*[@class="table table-striped"]/thead/tr/th[5]</arg>
<arg>Pets</arg>
</arguments>
<msg timestamp="20210504 12:31:16.036" level="INFO">Verifying element '//*[@class="table table-striped"]/thead/tr/th[5]' contains exact text 'Pets'.</msg>
<status status="PASS" starttime="20210504 12:31:16.036" endtime="20210504 12:31:16.072"></status>
</kw>
<status status="PASS" starttime="20210504 12:31:15.704" endtime="20210504 12:31:16.072"></status>
</kw>
<kw name="Delete Pet Visit" library="Keywords_Own">
<kw name="Wait Until Element Is Visible" library="SeleniumLibrary">
<doc>Waits until the element ``locator`` is visible.</doc>
<arguments>
<arg>xpath:/html/body/app-root/app-owner-list/div/div/div/table/tbody/tr[2]/td[1]/a</arg>
</arguments>
<status status="PASS" starttime="20210504 12:31:16.075" endtime="20210504 12:31:16.784"></status>
</kw>
<kw name="Click Element" library="SeleniumLibrary">
<doc>Click the element identified by ``locator``.</doc>
<arguments>
<arg>xpath:/html/body/app-root/app-owner-list/div/div/div/table/tbody/tr[2]/td[1]/a</arg>
</arguments>
<msg timestamp="20210504 12:31:16.785" level="INFO">Clicking element 'xpath:/html/body/app-root/app-owner-list/div/div/div/table/tbody/tr[2]/td[1]/a'.</msg>
<status status="PASS" starttime="20210504 12:31:16.784" endtime="20210504 12:31:16.898"></status>
</kw>
<kw name="Wait Until Element Is Visible" library="SeleniumLibrary">
<doc>Waits until the element ``locator`` is visible.</doc>
<arguments>
<arg>xpath:/html/body/app-root/app-owner-detail/div/div/table[2]/tr/app-pet-list/table/tr/td[2]/app-visit-list/table/tr/td[3]/button[2]</arg>
</arguments>
<status status="PASS" starttime="20210504 12:31:16.899" endtime="20210504 12:31:17.169"></status>
</kw>
<kw name="Click Element" library="SeleniumLibrary">
<doc>Click the element identified by ``locator``.</doc>
<arguments>
<arg>xpath:/html/body/app-root/app-owner-detail/div/div/table[2]/tr/app-pet-list/table/tr/td[2]/app-visit-list/table/tr/td[3]/button[2]</arg>
</arguments>
<msg timestamp="20210504 12:31:17.170" level="INFO">Clicking element 'xpath:/html/body/app-root/app-owner-detail/div/div/table[2]/tr/app-pet-list/table/tr/td[2]/app-visit-list/table/tr/td[3]/button[2]'.</msg>
<status status="PASS" starttime="20210504 12:31:17.170" endtime="20210504 12:31:17.266"></status>
</kw>
<status status="PASS" starttime="20210504 12:31:16.074" endtime="20210504 12:31:17.266"></status>
</kw>
<doc>Delete Pet Visit</doc>
<tags>
<tag>Delete Pet Visit</tag>
</tags>
<status status="PASS" starttime="20210504 12:31:12.863" endtime="20210504 12:31:17.267" critical="yes"></status>
</test>
<doc>UI testing in PetClinic by Robot Framework
this is to test funcitionalities of Owners -- Eli</doc>
<status status="PASS" starttime="20210504 12:31:12.322" endtime="20210504 12:31:17.270"></status>
</suite>
<statistics>
<total>
<stat pass="1" fail="0">Critical Tests</stat>
<stat pass="1" fail="0">All Tests</stat>
</total>
<tag>
<stat pass="1" fail="0">Delete Pet Visit</stat>
</tag>
<suite>
<stat pass="1" fail="0" id="s1" name="Owner">Owner</stat>
</suite>
</statistics>
<errors>
</errors>
</robot>
