<?xml version="1.0" encoding="UTF-8"?>
<robot generator="Robot 3.2.2 (Python 3.9.2 on win32)" generated="20210504 14:29:58.312" rpa="false">
<suite id="s1" name="Special-Types" source="C:\Users\elias\PycharmProjects\spring-petclinic-angular\RobotFrameWork\Tests\special-types.robot">
<test id="s1-t1" name="Add Type">
<kw name="Open Browser" library="SeleniumLibrary">
<doc>Opens a new browser instance to the optional ``url``.</doc>
<arguments>
<arg>about:blank</arg>
<arg>${BROWSER}</arg>
</arguments>
<msg timestamp="20210504 14:29:58.639" level="INFO">Opening browser 'chrome' to base url 'about:blank'.</msg>
<status status="PASS" starttime="20210504 14:29:58.638" endtime="20210504 14:30:00.136"></status>
</kw>
<kw name="Go To" library="SeleniumLibrary">
<doc>Navigates the current browser window to the provided ``url``.</doc>
<arguments>
<arg>${URL}</arg>
</arguments>
<msg timestamp="20210504 14:30:00.138" level="INFO">Opening url 'http://localhost:4200'</msg>
<status status="PASS" starttime="20210504 14:30:00.137" endtime="20210504 14:30:01.133"></status>
</kw>
<kw name="Click Element" library="SeleniumLibrary">
<doc>Click the element identified by ``locator``.</doc>
<arguments>
<arg>xpath:/html/body/app-root/div[1]/nav/div/ul/li[4]/a</arg>
</arguments>
<msg timestamp="20210504 14:30:01.135" level="INFO">Clicking element 'xpath:/html/body/app-root/div[1]/nav/div/ul/li[4]/a'.</msg>
<status status="PASS" starttime="20210504 14:30:01.135" endtime="20210504 14:30:01.241"></status>
</kw>
<kw name="Click Element" library="SeleniumLibrary">
<doc>Click the element identified by ``locator``.</doc>
<arguments>
<arg>xpath:/html/body/app-root/app-pettype-list/div/div/div/button[2]</arg>
</arguments>
<msg timestamp="20210504 14:30:01.243" level="INFO">Clicking element 'xpath:/html/body/app-root/app-pettype-list/div/div/div/button[2]'.</msg>
<status status="PASS" starttime="20210504 14:30:01.242" endtime="20210504 14:30:01.343"></status>
</kw>
<kw name="Input Text" library="SeleniumLibrary">
<doc>Types the given ``text`` into the text field identified by ``locator``.</doc>
<arguments>
<arg>//*[@id="name"]</arg>
<arg>Wolf</arg>
</arguments>
<msg timestamp="20210504 14:30:01.345" level="INFO">Typing text 'Wolf' into text field '//*[@id="name"]'.</msg>
<status status="PASS" starttime="20210504 14:30:01.344" endtime="20210504 14:30:01.502"></status>
</kw>
<kw name="Click Element" library="SeleniumLibrary">
<doc>Click the element identified by ``locator``.</doc>
<arguments>
<arg>//*[@id="pettype"]/div[2]/div/button</arg>
</arguments>
<msg timestamp="20210504 14:30:01.503" level="INFO">Clicking element '//*[@id="pettype"]/div[2]/div/button'.</msg>
<status status="PASS" starttime="20210504 14:30:01.503" endtime="20210504 14:30:01.570"></status>
</kw>
<kw name="Close Browser" library="SeleniumLibrary">
<doc>Closes the current browser.</doc>
<status status="PASS" starttime="20210504 14:30:01.575" endtime="20210504 14:30:03.843"></status>
</kw>
<doc>Pettypes can be added</doc>
<tags>
<tag>Adding Pettype</tag>
</tags>
<status status="PASS" starttime="20210504 14:29:58.637" endtime="20210504 14:30:03.844" critical="yes"></status>
</test>
<test id="s1-t2" name="Edit Type">
<kw name="Open Browser" library="SeleniumLibrary">
<doc>Opens a new browser instance to the optional ``url``.</doc>
<arguments>
<arg>about:blank</arg>
<arg>${BROWSER}</arg>
</arguments>
<msg timestamp="20210504 14:30:03.850" level="INFO">Opening browser 'chrome' to base url 'about:blank'.</msg>
<status status="PASS" starttime="20210504 14:30:03.850" endtime="20210504 14:30:05.263"></status>
</kw>
<kw name="Go To" library="SeleniumLibrary">
<doc>Navigates the current browser window to the provided ``url``.</doc>
<arguments>
<arg>${URL}</arg>
</arguments>
<msg timestamp="20210504 14:30:05.284" level="INFO">Opening url 'http://localhost:4200'</msg>
<status status="PASS" starttime="20210504 14:30:05.284" endtime="20210504 14:30:06.135"></status>
</kw>
<kw name="Click Element" library="SeleniumLibrary">
<doc>Click the element identified by ``locator``.</doc>
<arguments>
<arg>xpath:/html/body/app-root/div[1]/nav/div/ul/li[4]/a</arg>
</arguments>
<msg timestamp="20210504 14:30:06.137" level="INFO">Clicking element 'xpath:/html/body/app-root/div[1]/nav/div/ul/li[4]/a'.</msg>
<status status="PASS" starttime="20210504 14:30:06.136" endtime="20210504 14:30:06.244"></status>
</kw>
<kw name="Click Element" library="SeleniumLibrary">
<doc>Click the element identified by ``locator``.</doc>
<arguments>
<arg>//*[@id="pettypes"]/tbody/tr[7]/td[2]/button[1]</arg>
</arguments>
<msg timestamp="20210504 14:30:06.247" level="INFO">Clicking element '//*[@id="pettypes"]/tbody/tr[7]/td[2]/button[1]'.</msg>
<status status="PASS" starttime="20210504 14:30:06.246" endtime="20210504 14:30:06.384"></status>
</kw>
<kw name="Clear Element Text" library="SeleniumLibrary">
<doc>Clears the value of the text-input-element identified by ``locator``.</doc>
<arguments>
<arg>//*[@id="name"]</arg>
</arguments>
<status status="PASS" starttime="20210504 14:30:06.385" endtime="20210504 14:30:06.467"></status>
</kw>
<kw name="Input Text" library="SeleniumLibrary">
<doc>Types the given ``text`` into the text field identified by ``locator``.</doc>
<arguments>
<arg>//*[@id="name"]</arg>
<arg>Shiban</arg>
</arguments>
<msg timestamp="20210504 14:30:06.468" level="INFO">Typing text 'Shiban' into text field '//*[@id="name"]'.</msg>
<status status="PASS" starttime="20210504 14:30:06.467" endtime="20210504 14:30:06.613"></status>
</kw>
<kw name="Click Button" library="SeleniumLibrary">
<doc>Clicks the button identified by ``locator``.</doc>
<arguments>
<arg>//*[@id="pettype"]/div[2]/div/button[1]</arg>
</arguments>
<msg timestamp="20210504 14:30:06.614" level="INFO">Clicking button '//*[@id="pettype"]/div[2]/div/button[1]'.</msg>
<status status="PASS" starttime="20210504 14:30:06.614" endtime="20210504 14:30:06.747"></status>
</kw>
<kw name="Open Browser" library="SeleniumLibrary">
<doc>Opens a new browser instance to the optional ``url``.</doc>
<arguments>
<arg>about:blank</arg>
<arg>${BROWSER}</arg>
</arguments>
<msg timestamp="20210504 14:30:06.749" level="INFO">Opening browser 'chrome' to base url 'about:blank'.</msg>
<status status="PASS" starttime="20210504 14:30:06.748" endtime="20210504 14:30:08.433"></status>
</kw>
<kw name="Go To" library="SeleniumLibrary">
<doc>Navigates the current browser window to the provided ``url``.</doc>
<arguments>
<arg>${URL}</arg>
</arguments>
<msg timestamp="20210504 14:30:08.439" level="INFO">Opening url 'http://localhost:4200'</msg>
<status status="PASS" starttime="20210504 14:30:08.439" endtime="20210504 14:30:09.209"></status>
</kw>
<kw name="Click Element" library="SeleniumLibrary">
<doc>Click the element identified by ``locator``.</doc>
<arguments>
<arg>xpath:/html/body/app-root/div[1]/nav/div/ul/li[4]/a</arg>
</arguments>
<msg timestamp="20210504 14:30:09.217" level="INFO">Clicking element 'xpath:/html/body/app-root/div[1]/nav/div/ul/li[4]/a'.</msg>
<status status="PASS" starttime="20210504 14:30:09.217" endtime="20210504 14:30:09.401"></status>
</kw>
<kw name="Click Button" library="SeleniumLibrary">
<doc>Clicks the button identified by ``locator``.</doc>
<arguments>
<arg>//*[@id="pettypes"]/tbody/tr[7]/td[2]/button[2]</arg>
</arguments>
<msg timestamp="20210504 14:30:09.413" level="INFO">Clicking button '//*[@id="pettypes"]/tbody/tr[7]/td[2]/button[2]'.</msg>
<status status="PASS" starttime="20210504 14:30:09.413" endtime="20210504 14:30:09.585"></status>
</kw>
<doc>Pettypes can be edited</doc>
<tags>
<tag>Editing Pettype</tag>
</tags>
<status status="PASS" starttime="20210504 14:30:03.849" endtime="20210504 14:30:09.586" critical="yes"></status>
</test>
<doc>A test suite with a single test for valid login.

This test has a workflow that is created using keywords in
the imported resource file.</doc>
<status status="PASS" starttime="20210504 14:29:58.316" endtime="20210504 14:30:09.591"></status>
</suite>
<statistics>
<total>
<stat pass="2" fail="0">Critical Tests</stat>
<stat pass="2" fail="0">All Tests</stat>
</total>
<tag>
<stat pass="1" fail="0">Adding Pettype</stat>
<stat pass="1" fail="0">Editing Pettype</stat>
</tag>
<suite>
<stat pass="2" fail="0" id="s1" name="Special-Types">Special-Types</stat>
</suite>
</statistics>
<errors>
</errors>
</robot>
